<?xml version="1.0" encoding="UTF-8"?>
<!-- Generated by org.testng.reporters.JUnitReportReporter -->
<testsuite skipped="0" hostname="DESKTOP-8QTLCQR" name="endTests.SampleTest" tests="3" failures="0" timestamp="08 Jun 2021 11:57:17 GMT" time="19.010" errors="0">
  <testcase name="validationTestAmazon" time="17.651" classname="endTests.SampleTest"/>
  <testcase name="deleteEmployeeDEtails" time="1.344" classname="endTests.SampleTest"/>
  <testcase name="getEmployeeDetails" time="0.015" classname="endTests.SampleTest"/>
</testsuite> <!-- endTests.SampleTest -->
